<?xml version="1.0" encoding="UTF-8"?>
<testsuite name="com.ilCarro.qa.tests.LoginTests" tests="1" skipped="0" failures="0" errors="0" timestamp="2020-10-25T18:13:49" hostname="Antoninas-MacBook-Pro.local" time="4.383">
  <properties/>
  <testcase name="loginRegisteredUserPositiveTest" classname="com.ilCarro.qa.tests.LoginTests" time="4.383"/>
  <system-out><![CDATA[]]></system-out>
  <system-err><![CDATA[]]></system-err>
</testsuite>
